# JRE version: Java(TM) SE Runtime Environment (18.0.1.1+2) (build 18.0.1.1+2-6)
# Java VM: Java HotSpot(TM) 64-Bit Server VM (18.0.1.1+2-6, mixed mode, sharing, tiered, compressed oops, compressed class ptrs, g1 gc, windows-amd64)
GC Precious Log:
 CardTable entry size: 512
 Card Set container configuration: InlinePtr #cards 4 size 8 Array Of Cards #cards 16 size 48 Howl #buckets 8 coarsen threshold 3686 Howl Bitmap #cards 512 size 80 coarsen threshold 460 Card regions per heap region 1 cards per card region 4096
 CPUs: 8 total, 8 available
 Memory: 12168M
 Large Page Support: Disabled
 NUMA Support: Disabled
 Compressed Oops: Enabled (Zero based)
 Heap Region Size: 2M
 Heap Min Capacity: 8M
 Heap Initial Capacity: 192M
 Heap Max Capacity: 3044M
 Pre-touch: Disabled
 Parallel Workers: 8
 Concurrent Workers: 2
 Concurrent Refinement Workers: 8
 Periodic GC: Disabled
Heap:
 garbage-first heap   total 305152K, used 150143K [0x0000000741c00000, 0x0000000800000000)
  region size 2048K, 2 young (4096K), 2 survivors (4096K)
 Metaspace       used 13945K, committed 14336K, reserved 1114112K
  class space    used 1714K, committed 1920K, reserved 1048576K
GC Heap History (19 events):
Event: 1.009 GC heap before
{Heap before GC invocations=0 (full 0):
 garbage-first heap   total 196608K, used 20480K [0x0000000741c00000, 0x0000000800000000)
  region size 2048K, 11 young (22528K), 0 survivors (0K)
 Metaspace       used 5264K, committed 5440K, reserved 1114112K
  class space    used 587K, committed 704K, reserved 1048576K
}
Event: 1.012 GC heap after
{Heap after GC invocations=1 (full 0):
 garbage-first heap   total 196608K, used 3109K [0x0000000741c00000, 0x0000000800000000)
  region size 2048K, 2 young (4096K), 2 survivors (4096K)
 Metaspace       used 5264K, committed 5440K, reserved 1114112K
  class space    used 587K, committed 704K, reserved 1048576K
}
Event: 1.976 GC heap before
{Heap before GC invocations=1 (full 0):
 garbage-first heap   total 196608K, used 119845K [0x0000000741c00000, 0x0000000800000000)
  region size 2048K, 18 young (36864K), 2 survivors (4096K)
 Metaspace       used 13918K, committed 14272K, reserved 1114112K
  class space    used 1713K, committed 1856K, reserved 1048576K
}
Event: 1.983 GC heap after
{Heap after GC invocations=2 (full 0):
 garbage-first heap   total 196608K, used 96432K [0x0000000741c00000, 0x0000000800000000)
  region size 2048K, 3 young (6144K), 3 survivors (6144K)
 Metaspace       used 13918K, committed 14272K, reserved 1114112K
  class space    used 1713K, committed 1856K, reserved 1048576K
}
Event: 1.999 GC heap before
{Heap before GC invocations=3 (full 0):
 garbage-first heap   total 196608K, used 100528K [0x0000000741c00000, 0x0000000800000000)
  region size 2048K, 4 young (8192K), 3 survivors (6144K)
 Metaspace       used 13920K, committed 14272K, reserved 1114112K
  class space    used 1713K, committed 1856K, reserved 1048576K
}
Event: 2.004 GC heap after
{Heap after GC invocations=4 (full 0):
 garbage-first heap   total 196608K, used 100991K [0x0000000741c00000, 0x0000000800000000)
  region size 2048K, 2 young (4096K), 2 survivors (4096K)
 Metaspace       used 13920K, committed 14272K, reserved 1114112K
  class space    used 1713K, committed 1856K, reserved 1048576K
}
Event: 2.017 GC heap before
{Heap before GC invocations=5 (full 0):
 garbage-first heap   total 196608K, used 105087K [0x0000000741c00000, 0x0000000800000000)
  region size 2048K, 3 young (6144K), 2 survivors (4096K)
 Metaspace       used 13920K, committed 14272K, reserved 1114112K
  class space    used 1713K, committed 1856K, reserved 1048576K
}
Event: 2.020 GC heap after
{Heap after GC invocations=6 (full 0):
 garbage-first heap   total 196608K, used 105034K [0x0000000741c00000, 0x0000000800000000)
  region size 2048K, 2 young (4096K), 2 survivors (4096K)
 Metaspace       used 13920K, committed 14272K, reserved 1114112K
  class space    used 1713K, committed 1856K, reserved 1048576K
}
Event: 2.034 GC heap before
{Heap before GC invocations=7 (full 0):
 garbage-first heap   total 196608K, used 109130K [0x0000000741c00000, 0x0000000800000000)
  region size 2048K, 3 young (6144K), 2 survivors (4096K)
 Metaspace       used 13923K, committed 14272K, reserved 1114112K
  class space    used 1713K, committed 1856K, reserved 1048576K
}
Event: 2.038 GC heap after
{Heap after GC invocations=8 (full 0):
 garbage-first heap   total 196608K, used 109306K [0x0000000741c00000, 0x0000000800000000)
  region size 2048K, 3 young (6144K), 3 survivors (6144K)
 Metaspace       used 13923K, committed 14272K, reserved 1114112K
  class space    used 1713K, committed 1856K, reserved 1048576K
}
Event: 2.050 GC heap before
{Heap before GC invocations=9 (full 0):
 garbage-first heap   total 198656K, used 113402K [0x0000000741c00000, 0x0000000800000000)
  region size 2048K, 4 young (8192K), 3 survivors (6144K)
 Metaspace       used 13923K, committed 14272K, reserved 1114112K
  class space    used 1713K, committed 1856K, reserved 1048576K
}
Event: 2.074 GC heap after
{Heap after GC invocations=10 (full 0):
 garbage-first heap   total 305152K, used 113224K [0x0000000741c00000, 0x0000000800000000)
  region size 2048K, 2 young (4096K), 2 survivors (4096K)
 Metaspace       used 13923K, committed 14272K, reserved 1114112K
  class space    used 1713K, committed 1856K, reserved 1048576K
}
Event: 2.158 GC heap before
{Heap before GC invocations=10 (full 0):
 garbage-first heap   total 305152K, used 139848K [0x0000000741c00000, 0x0000000800000000)
  region size 2048K, 3 young (6144K), 2 survivors (4096K)
 Metaspace       used 13942K, committed 14336K, reserved 1114112K
  class space    used 1714K, committed 1920K, reserved 1048576K
}
Event: 2.161 GC heap after
{Heap after GC invocations=11 (full 0):
 garbage-first heap   total 305152K, used 139863K [0x0000000741c00000, 0x0000000800000000)
  region size 2048K, 2 young (4096K), 2 survivors (4096K)
 Metaspace       used 13942K, committed 14336K, reserved 1114112K
  class space    used 1714K, committed 1920K, reserved 1048576K
}
Event: 2.168 GC heap before
{Heap before GC invocations=11 (full 0):
 garbage-first heap   total 305152K, used 141911K [0x0000000741c00000, 0x0000000800000000)
  region size 2048K, 3 young (6144K), 2 survivors (4096K)
 Metaspace       used 13942K, committed 14336K, reserved 1114112K
  class space    used 1714K, committed 1920K, reserved 1048576K
}
Event: 2.171 GC heap after
{Heap after GC invocations=12 (full 0):
 garbage-first heap   total 305152K, used 141940K [0x0000000741c00000, 0x0000000800000000)
  region size 2048K, 2 young (4096K), 2 survivors (4096K)
 Metaspace       used 13942K, committed 14336K, reserved 1114112K
  class space    used 1714K, committed 1920K, reserved 1048576K
}
Event: 2.182 GC heap before
{Heap before GC invocations=13 (full 0):
 garbage-first heap   total 305152K, used 146036K [0x0000000741c00000, 0x0000000800000000)
  region size 2048K, 3 young (6144K), 2 survivors (4096K)
 Metaspace       used 13942K, committed 14336K, reserved 1114112K
  class space    used 1714K, committed 1920K, reserved 1048576K
}
Event: 2.185 GC heap after
{Heap after GC invocations=14 (full 0):
 garbage-first heap   total 305152K, used 146047K [0x0000000741c00000, 0x0000000800000000)
  region size 2048K, 2 young (4096K), 2 survivors (4096K)
 Metaspace       used 13942K, committed 14336K, reserved 1114112K
  class space    used 1714K, committed 1920K, reserved 1048576K
}
Event: 2.201 GC heap before
{Heap before GC invocations=15 (full 0):
 garbage-first heap   total 305152K, used 150143K [0x0000000741c00000, 0x0000000800000000)
  region size 2048K, 3 young (6144K), 2 survivors (4096K)
 Metaspace       used 13945K, committed 14336K, reserved 1114112K
  class space    used 1714K, committed 1920K, reserved 1048576K
}

