# JRE version: Java(TM) SE Runtime Environment (21.0.1+12) (build 21.0.1+12-LTS-29)
# Java VM: Java HotSpot(TM) 64-Bit Server VM (21.0.1+12-LTS-29, mixed mode, sharing, tiered, compressed oops, compressed class ptrs, g1 gc, windows-amd64)
GC Precious Log:
 CardTable entry size: 512
 Card Set container configuration: InlinePtr #cards 4 size 8 Array Of Cards #cards 16 size 48 Howl #buckets 8 coarsen threshold 3686 Howl Bitmap #cards 512 size 80 coarsen threshold 460 Card regions per heap region 1 cards per card region 4096
 CPUs: 8 total, 8 available
 Memory: 16261M
 Large Page Support: Disabled
 NUMA Support: Disabled
 Compressed Oops: Enabled (Zero based)
 Heap Region Size: 2M
 Heap Min Capacity: 8M
 Heap Initial Capacity: 256M
 Heap Max Capacity: 4066M
 Pre-touch: Disabled
 Parallel Workers: 8
 Concurrent Workers: 2
 Concurrent Refinement Workers: 8
 Periodic GC: Disabled
Heap:
 garbage-first heap   total 337920K, used 202714K [0x0000000701e00000, 0x0000000800000000)
  region size 2048K, 5 young (10240K), 5 survivors (10240K)
 Metaspace       used 21574K, committed 22080K, reserved 1114112K
  class space    used 3017K, committed 3264K, reserved 1048576K
GC Heap History (13 events):
Event: 0.670 GC heap before
{Heap before GC invocations=0 (full 0):
 garbage-first heap   total 262144K, used 22528K [0x0000000701e00000, 0x0000000800000000)
  region size 2048K, 11 young (22528K), 0 survivors (0K)
 Metaspace       used 3691K, committed 3904K, reserved 1114112K
  class space    used 387K, committed 448K, reserved 1048576K
}
Event: 0.673 GC heap after
{Heap after GC invocations=1 (full 0):
 garbage-first heap   total 262144K, used 3111K [0x0000000701e00000, 0x0000000800000000)
  region size 2048K, 2 young (4096K), 2 survivors (4096K)
 Metaspace       used 3691K, committed 3904K, reserved 1114112K
  class space    used 387K, committed 448K, reserved 1048576K
}
Event: 1.235 GC heap before
{Heap before GC invocations=1 (full 0):
 garbage-first heap   total 262144K, used 29735K [0x0000000701e00000, 0x0000000800000000)
  region size 2048K, 17 young (34816K), 2 survivors (4096K)
 Metaspace       used 12242K, committed 12480K, reserved 1114112K
  class space    used 1491K, committed 1600K, reserved 1048576K
}
Event: 1.241 GC heap after
{Heap after GC invocations=2 (full 0):
 garbage-first heap   total 262144K, used 6908K [0x0000000701e00000, 0x0000000800000000)
  region size 2048K, 3 young (6144K), 3 survivors (6144K)
 Metaspace       used 12242K, committed 12480K, reserved 1114112K
  class space    used 1491K, committed 1600K, reserved 1048576K
}
Event: 1.668 GC heap before
{Heap before GC invocations=2 (full 0):
 garbage-first heap   total 262144K, used 183036K [0x0000000701e00000, 0x0000000800000000)
  region size 2048K, 4 young (8192K), 3 survivors (6144K)
 Metaspace       used 12403K, committed 12672K, reserved 1114112K
  class space    used 1514K, committed 1600K, reserved 1048576K
}
Event: 1.673 GC heap after
{Heap after GC invocations=3 (full 0):
 garbage-first heap   total 262144K, used 183502K [0x0000000701e00000, 0x0000000800000000)
  region size 2048K, 3 young (6144K), 3 survivors (6144K)
 Metaspace       used 12403K, committed 12672K, reserved 1114112K
  class space    used 1514K, committed 1600K, reserved 1048576K
}
Event: 2.423 GC heap before
{Heap before GC invocations=4 (full 0):
 garbage-first heap   total 321536K, used 216270K [0x0000000701e00000, 0x0000000800000000)
  region size 2048K, 18 young (36864K), 3 survivors (6144K)
 Metaspace       used 17900K, committed 18240K, reserved 1114112K
  class space    used 2638K, committed 2816K, reserved 1048576K
}
Event: 2.428 GC heap after
{Heap after GC invocations=5 (full 0):
 garbage-first heap   total 321536K, used 189520K [0x0000000701e00000, 0x0000000800000000)
  region size 2048K, 3 young (6144K), 3 survivors (6144K)
 Metaspace       used 17900K, committed 18240K, reserved 1114112K
  class space    used 2638K, committed 2816K, reserved 1048576K
}
Event: 19.088 GC heap before
{Heap before GC invocations=6 (full 0):
 garbage-first heap   total 325632K, used 207952K [0x0000000701e00000, 0x0000000800000000)
  region size 2048K, 12 young (24576K), 3 survivors (6144K)
 Metaspace       used 20380K, committed 20800K, reserved 1114112K
  class space    used 2828K, committed 3008K, reserved 1048576K
}
Event: 19.094 GC heap after
{Heap after GC invocations=7 (full 0):
 garbage-first heap   total 325632K, used 195653K [0x0000000701e00000, 0x0000000800000000)
  region size 2048K, 5 young (10240K), 5 survivors (10240K)
 Metaspace       used 20380K, committed 20800K, reserved 1114112K
  class space    used 2828K, committed 3008K, reserved 1048576K
}
Event: 19.116 GC heap before
{Heap before GC invocations=8 (full 0):
 garbage-first heap   total 335872K, used 197701K [0x0000000701e00000, 0x0000000800000000)
  region size 2048K, 6 young (12288K), 5 survivors (10240K)
 Metaspace       used 20417K, committed 20800K, reserved 1114112K
  class space    used 2831K, committed 3008K, reserved 1048576K
}
Event: 19.121 GC heap after
{Heap after GC invocations=9 (full 0):
 garbage-first heap   total 335872K, used 197520K [0x0000000701e00000, 0x0000000800000000)
  region size 2048K, 3 young (6144K), 3 survivors (6144K)
 Metaspace       used 20417K, committed 20800K, reserved 1114112K
  class space    used 2831K, committed 3008K, reserved 1048576K
}
Event: 19.423 GC heap before
{Heap before GC invocations=10 (full 0):
 garbage-first heap   total 337920K, used 213904K [0x0000000701e00000, 0x0000000800000000)
  region size 2048K, 11 young (22528K), 3 survivors (6144K)
 Metaspace       used 21574K, committed 22080K, reserved 1114112K
  class space    used 3017K, committed 3264K, reserved 1048576K
}

